<?xml version="1.0" encoding="UTF-8"?>
<testng-results ignored="0" total="3" passed="3" failed="0" skipped="0">
  <reporter-output>
  </reporter-output>
  <suite started-at="2021-05-20T20:25:37 IST" name="Suite" finished-at="2021-05-20T20:25:37 IST" duration-ms="270">
    <groups>
    </groups>
    <test started-at="2021-05-20T20:25:37 IST" name="Test" finished-at="2021-05-20T20:25:37 IST" duration-ms="270">
      <class name="tests.TestClass3">
        <test-method signature="test5(java.lang.String)[pri:0, instance:tests.TestClass3@4facf68f]" started-at="2021-05-20T20:25:37 IST" name="test5" data-provider="testdata" finished-at="2021-05-20T20:25:37 IST" duration-ms="17" status="PASS">
          <params>
            <param index="0">
              <value>
                <![CDATA[adithya]]>
              </value>
            </param>
          </params>
          <reporter-output>
          </reporter-output>
        </test-method> <!-- test5 -->
        <test-method signature="test5(java.lang.String)[pri:0, instance:tests.TestClass3@4facf68f]" started-at="2021-05-20T20:25:37 IST" name="test5" data-provider="testdata" finished-at="2021-05-20T20:25:37 IST" duration-ms="5" status="PASS">
          <params>
            <param index="0">
              <value>
                <![CDATA[mike]]>
              </value>
            </param>
          </params>
          <reporter-output>
          </reporter-output>
        </test-method> <!-- test5 -->
        <test-method signature="test5(java.lang.String)[pri:0, instance:tests.TestClass3@4facf68f]" started-at="2021-05-20T20:25:37 IST" name="test5" data-provider="testdata" finished-at="2021-05-20T20:25:37 IST" duration-ms="2" status="PASS">
          <params>
            <param index="0">
              <value>
                <![CDATA[raj]]>
              </value>
            </param>
          </params>
          <reporter-output>
          </reporter-output>
        </test-method> <!-- test5 -->
      </class> <!-- tests.TestClass3 -->
    </test> <!-- Test -->
  </suite> <!-- Suite -->
</testng-results>
